<?xml version="1.0" encoding="UTF-8"?>
<testng-results ignored="0" total="4" passed="4" failed="0" skipped="0">
  <reporter-output>
  </reporter-output>
  <suite started-at="2021-06-29T15:57:22 IST" name="Suite" finished-at="2021-06-29T15:57:22 IST" duration-ms="72">
    <groups>
    </groups>
    <test started-at="2021-06-29T15:57:22 IST" name="Test" finished-at="2021-06-29T15:57:22 IST" duration-ms="72">
      <class name="testng.testng.TestngAnnotation">
        <test-method is-config="true" signature="beforeSuite()[pri:0, instance:testng.testng.TestngAnnotation@10163d6]" started-at="2021-06-29T15:57:22 IST" name="beforeSuite" finished-at="2021-06-29T15:57:22 IST" duration-ms="9" status="PASS">
          <reporter-output>
          </reporter-output>
        </test-method> <!-- beforeSuite -->
        <test-method is-config="true" signature="beforeTest()[pri:0, instance:testng.testng.TestngAnnotation@10163d6]" started-at="2021-06-29T15:57:22 IST" name="beforeTest" finished-at="2021-06-29T15:57:22 IST" duration-ms="1" status="PASS">
          <reporter-output>
          </reporter-output>
        </test-method> <!-- beforeTest -->
        <test-method is-config="true" signature="beforeClass()[pri:0, instance:testng.testng.TestngAnnotation@10163d6]" started-at="2021-06-29T15:57:22 IST" name="beforeClass" finished-at="2021-06-29T15:57:22 IST" duration-ms="1" status="PASS">
          <reporter-output>
          </reporter-output>
        </test-method> <!-- beforeClass -->
        <test-method is-config="true" signature="beforeMethod()[pri:0, instance:testng.testng.TestngAnnotation@10163d6]" started-at="2021-06-29T15:57:22 IST" name="beforeMethod" finished-at="2021-06-29T15:57:22 IST" duration-ms="0" status="PASS">
          <reporter-output>
          </reporter-output>
        </test-method> <!-- beforeMethod -->
        <test-method signature="testCase1()[pri:0, instance:testng.testng.TestngAnnotation@10163d6]" started-at="2021-06-29T15:57:22 IST" name="testCase1" finished-at="2021-06-29T15:57:22 IST" duration-ms="8" status="PASS">
          <reporter-output>
          </reporter-output>
        </test-method> <!-- testCase1 -->
        <test-method is-config="true" signature="afterMethod()[pri:0, instance:testng.testng.TestngAnnotation@10163d6]" started-at="2021-06-29T15:57:22 IST" name="afterMethod" finished-at="2021-06-29T15:57:22 IST" duration-ms="4" status="PASS">
          <reporter-output>
          </reporter-output>
        </test-method> <!-- afterMethod -->
        <test-method is-config="true" signature="beforeMethod()[pri:0, instance:testng.testng.TestngAnnotation@10163d6]" started-at="2021-06-29T15:57:22 IST" name="beforeMethod" finished-at="2021-06-29T15:57:22 IST" duration-ms="0" status="PASS">
          <reporter-output>
          </reporter-output>
        </test-method> <!-- beforeMethod -->
        <test-method signature="testCase2()[pri:0, instance:testng.testng.TestngAnnotation@10163d6]" started-at="2021-06-29T15:57:22 IST" name="testCase2" finished-at="2021-06-29T15:57:22 IST" duration-ms="2" status="PASS">
          <reporter-output>
          </reporter-output>
        </test-method> <!-- testCase2 -->
        <test-method is-config="true" signature="afterMethod()[pri:0, instance:testng.testng.TestngAnnotation@10163d6]" started-at="2021-06-29T15:57:22 IST" name="afterMethod" finished-at="2021-06-29T15:57:22 IST" duration-ms="1" status="PASS">
          <reporter-output>
          </reporter-output>
        </test-method> <!-- afterMethod -->
        <test-method is-config="true" signature="beforeMethod()[pri:0, instance:testng.testng.TestngAnnotation@10163d6]" started-at="2021-06-29T15:57:22 IST" name="beforeMethod" finished-at="2021-06-29T15:57:22 IST" duration-ms="1" status="PASS">
          <reporter-output>
          </reporter-output>
        </test-method> <!-- beforeMethod -->
        <test-method signature="whenEmptyString_thenAccept()[pri:0, instance:testng.testng.TestngAnnotation@10163d6]" started-at="2021-06-29T15:57:22 IST" name="whenEmptyString_thenAccept" finished-at="2021-06-29T15:57:22 IST" duration-ms="4" status="PASS">
          <reporter-output>
          </reporter-output>
        </test-method> <!-- whenEmptyString_thenAccept -->
        <test-method is-config="true" signature="afterMethod()[pri:0, instance:testng.testng.TestngAnnotation@10163d6]" started-at="2021-06-29T15:57:22 IST" name="afterMethod" finished-at="2021-06-29T15:57:22 IST" duration-ms="1" status="PASS">
          <reporter-output>
          </reporter-output>
        </test-method> <!-- afterMethod -->
        <test-method is-config="true" signature="afterClass()[pri:0, instance:testng.testng.TestngAnnotation@10163d6]" started-at="2021-06-29T15:57:22 IST" name="afterClass" finished-at="2021-06-29T15:57:22 IST" duration-ms="1" status="PASS">
          <reporter-output>
          </reporter-output>
        </test-method> <!-- afterClass -->
        <test-method is-config="true" signature="afterTest()[pri:0, instance:testng.testng.TestngAnnotation@10163d6]" started-at="2021-06-29T15:57:22 IST" name="afterTest" finished-at="2021-06-29T15:57:22 IST" duration-ms="0" status="PASS">
          <reporter-output>
          </reporter-output>
        </test-method> <!-- afterTest -->
        <test-method is-config="true" signature="afterSuite()[pri:0, instance:testng.testng.TestngAnnotation@10163d6]" started-at="2021-06-29T15:57:22 IST" name="afterSuite" finished-at="2021-06-29T15:57:22 IST" duration-ms="2" status="PASS">
          <reporter-output>
          </reporter-output>
        </test-method> <!-- afterSuite -->
      </class> <!-- testng.testng.TestngAnnotation -->
      <class name="testng.testng.AppTest">
        <test-method signature="shouldAnswerWithTrue()[pri:0, instance:testng.testng.AppTest@50ad3bc1]" started-at="2021-06-29T15:57:22 IST" name="shouldAnswerWithTrue" finished-at="2021-06-29T15:57:22 IST" duration-ms="3" status="PASS">
          <reporter-output>
          </reporter-output>
        </test-method> <!-- shouldAnswerWithTrue -->
      </class> <!-- testng.testng.AppTest -->
    </test> <!-- Test -->
  </suite> <!-- Suite -->
</testng-results>
