<?xml version="1.0" encoding="UTF-8"?>
<!-- Generated by org.testng.reporters.JUnitXMLReporter -->
<testsuite ignored="0" hostname="ShubhamM-LP" failures="0" tests="4" name="Test" time="0.072" errors="0" timestamp="2021-06-29T15:57:22 IST">
  <testcase classname="testng.testng.TestngAnnotation" name="testCase1" time="0.008"/>
  <testcase classname="testng.testng.TestngAnnotation" name="testCase2" time="0.002"/>
  <testcase classname="testng.testng.TestngAnnotation" name="whenEmptyString_thenAccept" time="0.004"/>
  <testcase classname="testng.testng.AppTest" name="shouldAnswerWithTrue" time="0.003"/>
</testsuite> <!-- Test -->
